<?xml version="1.0" encoding="UTF-8"?>
<!-- Generated by org.testng.reporters.JUnitReportReporter -->
<testsuite hostname="lipika-Inspiron-3442" name="com.myAmaysim.tests.MySettingsTestcases" tests="2" failures="0" timestamp="30 Jun 2016 23:22:54 GMT" time="54.207" errors="0">
  <testcase name="verifyCallForwardEnable" time="27.742" classname="com.myAmaysim.tests.MySettingsTestcases"/>
  <testcase name="verifyCallForwardDisable" time="26.465" classname="com.myAmaysim.tests.MySettingsTestcases"/>
</testsuite> <!-- com.myAmaysim.tests.MySettingsTestcases -->
