<?xml version="1.0" encoding="UTF-8"?>
<!-- Generated by org.testng.reporters.JUnitReportReporter -->
<testsuite hostname="lipika-Inspiron-3442" name="com.myAmaysim.tests.MySettingsTestcases" tests="2" failures="0" timestamp="30 Jun 2016 23:03:07 GMT" time="69.768" errors="0">
  <testcase name="verifyCallForwardDisable" time="37.285" classname="com.myAmaysim.tests.MySettingsTestcases"/>
  <testcase name="verifyCallForwardEnable" time="32.483" classname="com.myAmaysim.tests.MySettingsTestcases"/>
</testsuite> <!-- com.myAmaysim.tests.MySettingsTestcases -->
